# JRE version: OpenJDK Runtime Environment (8.0_202-b03) (build 1.8.0_202-release-1483-b03)
# Java VM: OpenJDK 64-Bit Server VM (25.202-b03 mixed mode windows-amd64 compressed oops)
Heap:
 PSYoungGen      total 72704K, used 53910K [0x00000000eb200000, 0x00000000f2280000, 0x0000000100000000)
  eden space 58880K, 91% used [0x00000000eb200000,0x00000000ee6a59c8,0x00000000eeb80000)
  from space 13824K, 0% used [0x00000000efb00000,0x00000000efb00000,0x00000000f0880000)
  to   space 15872K, 0% used [0x00000000eeb80000,0x00000000eeb80000,0x00000000efb00000)
 ParOldGen       total 41472K, used 19190K [0x00000000c1600000, 0x00000000c3e80000, 0x00000000eb200000)
  object space 41472K, 46% used [0x00000000c1600000,0x00000000c28bdae0,0x00000000c3e80000)
 Metaspace       used 38976K, capacity 39599K, committed 39848K, reserved 1083392K
  class space    used 4872K, capacity 5032K, committed 5040K, reserved 1048576K
GC Heap History (10 events):
Event: 4.637 GC heap before
{Heap before GC invocations=6 (full 1):
 PSYoungGen      total 35328K, used 2549K [0x00000000eb200000, 0x00000000f0200000, 0x0000000100000000)
  eden space 32768K, 0% used [0x00000000eb200000,0x00000000eb200000,0x00000000ed200000)
  from space 2560K, 99% used [0x00000000ed200000,0x00000000ed47d550,0x00000000ed480000)
  to   space 8192K, 0% used [0x00000000efa00000,0x00000000efa00000,0x00000000f0200000)
 ParOldGen       total 44032K, used 15453K [0x00000000c1600000, 0x00000000c4100000, 0x00000000eb200000)
  object space 44032K, 35% used [0x00000000c1600000,0x00000000c25174e0,0x00000000c4100000)
 Metaspace       used 20778K, capacity 21170K, committed 21296K, reserved 1069056K
  class space    used 2449K, capacity 2589K, committed 2608K, reserved 1048576K
Event: 4.744 GC heap after
Heap after GC invocations=6 (full 1):
 PSYoungGen      total 35328K, used 0K [0x00000000eb200000, 0x00000000f0200000, 0x0000000100000000)
  eden space 32768K, 0% used [0x00000000eb200000,0x00000000eb200000,0x00000000ed200000)
  from space 2560K, 0% used [0x00000000ed200000,0x00000000ed200000,0x00000000ed480000)
  to   space 8192K, 0% used [0x00000000efa00000,0x00000000efa00000,0x00000000f0200000)
 ParOldGen       total 41472K, used 9227K [0x00000000c1600000, 0x00000000c3e80000, 0x00000000eb200000)
  object space 41472K, 22% used [0x00000000c1600000,0x00000000c1f02d90,0x00000000c3e80000)
 Metaspace       used 20778K, capacity 21170K, committed 21296K, reserved 1069056K
  class space    used 2449K, capacity 2589K, committed 2608K, reserved 1048576K
}
Event: 8.653 GC heap before
{Heap before GC invocations=7 (full 1):
 PSYoungGen      total 35328K, used 32768K [0x00000000eb200000, 0x00000000f0200000, 0x0000000100000000)
  eden space 32768K, 100% used [0x00000000eb200000,0x00000000ed200000,0x00000000ed200000)
  from space 2560K, 0% used [0x00000000ed200000,0x00000000ed200000,0x00000000ed480000)
  to   space 8192K, 0% used [0x00000000efa00000,0x00000000efa00000,0x00000000f0200000)
 ParOldGen       total 41472K, used 9227K [0x00000000c1600000, 0x00000000c3e80000, 0x00000000eb200000)
  object space 41472K, 22% used [0x00000000c1600000,0x00000000c1f02d90,0x00000000c3e80000)
 Metaspace       used 23705K, capacity 24110K, committed 24240K, reserved 1071104K
  class space    used 2831K, capacity 2988K, committed 2992K, reserved 1048576K
Event: 8.673 GC heap after
Heap after GC invocations=7 (full 1):
 PSYoungGen      total 52224K, used 7178K [0x00000000eb200000, 0x00000000f0180000, 0x0000000100000000)
  eden space 44544K, 0% used [0x00000000eb200000,0x00000000eb200000,0x00000000edd80000)
  from space 7680K, 93% used [0x00000000efa00000,0x00000000f0102a28,0x00000000f0180000)
  to   space 8704K, 0% used [0x00000000ef080000,0x00000000ef080000,0x00000000ef900000)
 ParOldGen       total 41472K, used 9235K [0x00000000c1600000, 0x00000000c3e80000, 0x00000000eb200000)
  object space 41472K, 22% used [0x00000000c1600000,0x00000000c1f04d90,0x00000000c3e80000)
 Metaspace       used 23705K, capacity 24110K, committed 24240K, reserved 1071104K
  class space    used 2831K, capacity 2988K, committed 2992K, reserved 1048576K
}
Event: 10.938 GC heap before
{Heap before GC invocations=8 (full 1):
 PSYoungGen      total 52224K, used 51722K [0x00000000eb200000, 0x00000000f0180000, 0x0000000100000000)
  eden space 44544K, 100% used [0x00000000eb200000,0x00000000edd80000,0x00000000edd80000)
  from space 7680K, 93% used [0x00000000efa00000,0x00000000f0102a28,0x00000000f0180000)
  to   space 8704K, 0% used [0x00000000ef080000,0x00000000ef080000,0x00000000ef900000)
 ParOldGen       total 41472K, used 9235K [0x00000000c1600000, 0x00000000c3e80000, 0x00000000eb200000)
  object space 41472K, 22% used [0x00000000c1600000,0x00000000c1f04d90,0x00000000c3e80000)
 Metaspace       used 31324K, capacity 31827K, committed 32048K, reserved 1077248K
  class space    used 3957K, capacity 4116K, committed 4144K, reserved 1048576K
Event: 10.967 GC heap after
Heap after GC invocations=8 (full 1):
 PSYoungGen      total 69632K, used 8674K [0x00000000eb200000, 0x00000000f0880000, 0x0000000100000000)
  eden space 60928K, 0% used [0x00000000eb200000,0x00000000eb200000,0x00000000eed80000)
  from space 8704K, 99% used [0x00000000ef080000,0x00000000ef8f8918,0x00000000ef900000)
  to   space 13824K, 0% used [0x00000000efb00000,0x00000000efb00000,0x00000000f0880000)
 ParOldGen       total 41472K, used 16950K [0x00000000c1600000, 0x00000000c3e80000, 0x00000000eb200000)
  object space 41472K, 40% used [0x00000000c1600000,0x00000000c268d9e0,0x00000000c3e80000)
 Metaspace       used 31324K, capacity 31827K, committed 32048K, reserved 1077248K
  class space    used 3957K, capacity 4116K, committed 4144K, reserved 1048576K
}
Event: 15.368 GC heap before
{Heap before GC invocations=9 (full 1):
 PSYoungGen      total 69632K, used 31088K [0x00000000eb200000, 0x00000000f0880000, 0x0000000100000000)
  eden space 60928K, 36% used [0x00000000eb200000,0x00000000ec7e3a10,0x00000000eed80000)
  from space 8704K, 99% used [0x00000000ef080000,0x00000000ef8f8918,0x00000000ef900000)
  to   space 13824K, 0% used [0x00000000efb00000,0x00000000efb00000,0x00000000f0880000)
 ParOldGen       total 41472K, used 16950K [0x00000000c1600000, 0x00000000c3e80000, 0x00000000eb200000)
  object space 41472K, 40% used [0x00000000c1600000,0x00000000c268d9e0,0x00000000c3e80000)
 Metaspace       used 34823K, capacity 35287K, committed 35496K, reserved 1081344K
  class space    used 4382K, capacity 4514K, committed 4528K, reserved 1048576K
Event: 15.429 GC heap after
Heap after GC invocations=9 (full 1):
 PSYoungGen      total 72704K, used 13502K [0x00000000eb200000, 0x00000000f2280000, 0x0000000100000000)
  eden space 58880K, 0% used [0x00000000eb200000,0x00000000eb200000,0x00000000eeb80000)
  from space 13824K, 97% used [0x00000000efb00000,0x00000000f082f9b0,0x00000000f0880000)
  to   space 15872K, 0% used [0x00000000eeb80000,0x00000000eeb80000,0x00000000efb00000)
 ParOldGen       total 41472K, used 16958K [0x00000000c1600000, 0x00000000c3e80000, 0x00000000eb200000)
  object space 41472K, 40% used [0x00000000c1600000,0x00000000c268f9e0,0x00000000c3e80000)
 Metaspace       used 34823K, capacity 35287K, committed 35496K, reserved 1081344K
  class space    used 4382K, capacity 4514K, committed 4528K, reserved 1048576K
}
Event: 15.429 GC heap before
{Heap before GC invocations=10 (full 2):
 PSYoungGen      total 72704K, used 13502K [0x00000000eb200000, 0x00000000f2280000, 0x0000000100000000)
  eden space 58880K, 0% used [0x00000000eb200000,0x00000000eb200000,0x00000000eeb80000)
  from space 13824K, 97% used [0x00000000efb00000,0x00000000f082f9b0,0x00000000f0880000)
  to   space 15872K, 0% used [0x00000000eeb80000,0x00000000eeb80000,0x00000000efb00000)
 ParOldGen       total 41472K, used 16958K [0x00000000c1600000, 0x00000000c3e80000, 0x00000000eb200000)
  object space 41472K, 40% used [0x00000000c1600000,0x00000000c268f9e0,0x00000000c3e80000)
 Metaspace       used 34823K, capacity 35287K, committed 35496K, reserved 1081344K
  class space    used 4382K, capacity 4514K, committed 4528K, reserved 1048576K
Event: 15.676 GC heap after
Heap after GC invocations=10 (full 2):
 PSYoungGen      total 72704K, used 0K [0x00000000eb200000, 0x00000000f2280000, 0x0000000100000000)
  eden space 58880K, 0% used [0x00000000eb200000,0x00000000eb200000,0x00000000eeb80000)
  from space 13824K, 0% used [0x00000000efb00000,0x00000000efb00000,0x00000000f0880000)
  to   space 15872K, 0% used [0x00000000eeb80000,0x00000000eeb80000,0x00000000efb00000)
 ParOldGen       total 41472K, used 19190K [0x00000000c1600000, 0x00000000c3e80000, 0x00000000eb200000)
  object space 41472K, 46% used [0x00000000c1600000,0x00000000c28bdae0,0x00000000c3e80000)
 Metaspace       used 34823K, capacity 35287K, committed 35496K, reserved 1081344K
  class space    used 4382K, capacity 4514K, committed 4528K, reserved 1048576K
}

