# JRE version: OpenJDK Runtime Environment (8.0_202-b03) (build 1.8.0_202-release-1483-b03)
# Java VM: OpenJDK 64-Bit Server VM (25.202-b03 mixed mode windows-amd64 compressed oops)
Heap:
 PSYoungGen      total 82944K, used 50193K [0x00000000eb200000, 0x00000000f1c00000, 0x0000000100000000)
  eden space 66560K, 50% used [0x00000000eb200000,0x00000000ed305538,0x00000000ef300000)
  from space 16384K, 99% used [0x00000000f0600000,0x00000000f15ff1f0,0x00000000f1600000)
  to   space 19456K, 0% used [0x00000000ef300000,0x00000000ef300000,0x00000000f0600000)
 ParOldGen       total 71680K, used 22502K [0x00000000c1600000, 0x00000000c5c00000, 0x00000000eb200000)
  object space 71680K, 31% used [0x00000000c1600000,0x00000000c2bf9920,0x00000000c5c00000)
 Metaspace       used 44125K, capacity 44867K, committed 45224K, reserved 1089536K
  class space    used 5316K, capacity 5522K, committed 5552K, reserved 1048576K
GC Heap History (10 events):
Event: 17.239 GC heap before
{Heap before GC invocations=8 (full 1):
 PSYoungGen      total 51200K, used 51192K [0x00000000eb200000, 0x00000000f0100000, 0x0000000100000000)
  eden space 44032K, 100% used [0x00000000eb200000,0x00000000edd00000,0x00000000edd00000)
  from space 7168K, 99% used [0x00000000efa00000,0x00000000f00fe060,0x00000000f0100000)
  to   space 8704K, 0% used [0x00000000ef000000,0x00000000ef000000,0x00000000ef880000)
 ParOldGen       total 45056K, used 12830K [0x00000000c1600000, 0x00000000c4200000, 0x00000000eb200000)
  object space 45056K, 28% used [0x00000000c1600000,0x00000000c2287930,0x00000000c4200000)
 Metaspace       used 31564K, capacity 32045K, committed 32432K, reserved 1077248K
  class space    used 3992K, capacity 4148K, committed 4272K, reserved 1048576K
Event: 17.290 GC heap after
Heap after GC invocations=8 (full 1):
 PSYoungGen      total 69120K, used 8674K [0x00000000eb200000, 0x00000000f0800000, 0x0000000100000000)
  eden space 60416K, 0% used [0x00000000eb200000,0x00000000eb200000,0x00000000eed00000)
  from space 8704K, 99% used [0x00000000ef000000,0x00000000ef878918,0x00000000ef880000)
  to   space 13824K, 0% used [0x00000000efa80000,0x00000000efa80000,0x00000000f0800000)
 ParOldGen       total 45056K, used 21223K [0x00000000c1600000, 0x00000000c4200000, 0x00000000eb200000)
  object space 45056K, 47% used [0x00000000c1600000,0x00000000c2ab9fe8,0x00000000c4200000)
 Metaspace       used 31564K, capacity 32045K, committed 32432K, reserved 1077248K
  class space    used 3992K, capacity 4148K, committed 4272K, reserved 1048576K
}
Event: 24.216 GC heap before
{Heap before GC invocations=9 (full 1):
 PSYoungGen      total 69120K, used 28511K [0x00000000eb200000, 0x00000000f0800000, 0x0000000100000000)
  eden space 60416K, 32% used [0x00000000eb200000,0x00000000ec55f6e0,0x00000000eed00000)
  from space 8704K, 99% used [0x00000000ef000000,0x00000000ef878918,0x00000000ef880000)
  to   space 13824K, 0% used [0x00000000efa80000,0x00000000efa80000,0x00000000f0800000)
 ParOldGen       total 45056K, used 21223K [0x00000000c1600000, 0x00000000c4200000, 0x00000000eb200000)
  object space 45056K, 47% used [0x00000000c1600000,0x00000000c2ab9fe8,0x00000000c4200000)
 Metaspace       used 34848K, capacity 35287K, committed 35496K, reserved 1081344K
  class space    used 4381K, capacity 4514K, committed 4528K, reserved 1048576K
Event: 24.253 GC heap after
Heap after GC invocations=9 (full 1):
 PSYoungGen      total 72192K, used 13665K [0x00000000eb200000, 0x00000000f1f80000, 0x0000000100000000)
  eden space 58368K, 0% used [0x00000000eb200000,0x00000000eb200000,0x00000000eeb00000)
  from space 13824K, 98% used [0x00000000efa80000,0x00000000f07d8610,0x00000000f0800000)
  to   space 15872K, 0% used [0x00000000eeb00000,0x00000000eeb00000,0x00000000efa80000)
 ParOldGen       total 45056K, used 21231K [0x00000000c1600000, 0x00000000c4200000, 0x00000000eb200000)
  object space 45056K, 47% used [0x00000000c1600000,0x00000000c2abbfe8,0x00000000c4200000)
 Metaspace       used 34848K, capacity 35287K, committed 35496K, reserved 1081344K
  class space    used 4381K, capacity 4514K, committed 4528K, reserved 1048576K
}
Event: 24.253 GC heap before
{Heap before GC invocations=10 (full 2):
 PSYoungGen      total 72192K, used 13665K [0x00000000eb200000, 0x00000000f1f80000, 0x0000000100000000)
  eden space 58368K, 0% used [0x00000000eb200000,0x00000000eb200000,0x00000000eeb00000)
  from space 13824K, 98% used [0x00000000efa80000,0x00000000f07d8610,0x00000000f0800000)
  to   space 15872K, 0% used [0x00000000eeb00000,0x00000000eeb00000,0x00000000efa80000)
 ParOldGen       total 45056K, used 21231K [0x00000000c1600000, 0x00000000c4200000, 0x00000000eb200000)
  object space 45056K, 47% used [0x00000000c1600000,0x00000000c2abbfe8,0x00000000c4200000)
 Metaspace       used 34848K, capacity 35287K, committed 35496K, reserved 1081344K
  class space    used 4381K, capacity 4514K, committed 4528K, reserved 1048576K
Event: 24.562 GC heap after
Heap after GC invocations=10 (full 2):
 PSYoungGen      total 72192K, used 0K [0x00000000eb200000, 0x00000000f1f80000, 0x0000000100000000)
  eden space 58368K, 0% used [0x00000000eb200000,0x00000000eb200000,0x00000000eeb00000)
  from space 13824K, 0% used [0x00000000efa80000,0x00000000efa80000,0x00000000f0800000)
  to   space 15872K, 0% used [0x00000000eeb00000,0x00000000eeb00000,0x00000000efa80000)
 ParOldGen       total 71680K, used 18880K [0x00000000c1600000, 0x00000000c5c00000, 0x00000000eb200000)
  object space 71680K, 26% used [0x00000000c1600000,0x00000000c28702f0,0x00000000c5c00000)
 Metaspace       used 34848K, capacity 35287K, committed 35496K, reserved 1081344K
  class space    used 4381K, capacity 4514K, committed 4528K, reserved 1048576K
}
Event: 29.274 GC heap before
{Heap before GC invocations=11 (full 2):
 PSYoungGen      total 72192K, used 58368K [0x00000000eb200000, 0x00000000f1f80000, 0x0000000100000000)
  eden space 58368K, 100% used [0x00000000eb200000,0x00000000eeb00000,0x00000000eeb00000)
  from space 13824K, 0% used [0x00000000efa80000,0x00000000efa80000,0x00000000f0800000)
  to   space 15872K, 0% used [0x00000000eeb00000,0x00000000eeb00000,0x00000000efa80000)
 ParOldGen       total 71680K, used 18880K [0x00000000c1600000, 0x00000000c5c00000, 0x00000000eb200000)
  object space 71680K, 26% used [0x00000000c1600000,0x00000000c28702f0,0x00000000c5c00000)
 Metaspace       used 39411K, capacity 40047K, committed 40488K, reserved 1085440K
  class space    used 4906K, capacity 5070K, committed 5168K, reserved 1048576K
Event: 29.296 GC heap after
Heap after GC invocations=11 (full 2):
 PSYoungGen      total 74240K, used 10768K [0x00000000eb200000, 0x00000000f1600000, 0x0000000100000000)
  eden space 58368K, 0% used [0x00000000eb200000,0x00000000eb200000,0x00000000eeb00000)
  from space 15872K, 67% used [0x00000000eeb00000,0x00000000ef584240,0x00000000efa80000)
  to   space 16384K, 0% used [0x00000000f0600000,0x00000000f0600000,0x00000000f1600000)
 ParOldGen       total 71680K, used 18888K [0x00000000c1600000, 0x00000000c5c00000, 0x00000000eb200000)
  object space 71680K, 26% used [0x00000000c1600000,0x00000000c28722f0,0x00000000c5c00000)
 Metaspace       used 39411K, capacity 40047K, committed 40488K, reserved 1085440K
  class space    used 4906K, capacity 5070K, committed 5168K, reserved 1048576K
}
Event: 37.572 GC heap before
{Heap before GC invocations=12 (full 2):
 PSYoungGen      total 74240K, used 69136K [0x00000000eb200000, 0x00000000f1600000, 0x0000000100000000)
  eden space 58368K, 100% used [0x00000000eb200000,0x00000000eeb00000,0x00000000eeb00000)
  from space 15872K, 67% used [0x00000000eeb00000,0x00000000ef584240,0x00000000efa80000)
  to   space 16384K, 0% used [0x00000000f0600000,0x00000000f0600000,0x00000000f1600000)
 ParOldGen       total 71680K, used 18888K [0x00000000c1600000, 0x00000000c5c00000, 0x00000000eb200000)
  object space 71680K, 26% used [0x00000000c1600000,0x00000000c28722f0,0x00000000c5c00000)
 Metaspace       used 43689K, capacity 44453K, committed 44712K, reserved 1089536K
  class space    used 5274K, capacity 5453K, committed 5552K, reserved 1048576K
Event: 37.628 GC heap after
Heap after GC invocations=12 (full 2):
 PSYoungGen      total 82944K, used 16380K [0x00000000eb200000, 0x00000000f1c00000, 0x0000000100000000)
  eden space 66560K, 0% used [0x00000000eb200000,0x00000000eb200000,0x00000000ef300000)
  from space 16384K, 99% used [0x00000000f0600000,0x00000000f15ff1f0,0x00000000f1600000)
  to   space 19456K, 0% used [0x00000000ef300000,0x00000000ef300000,0x00000000f0600000)
 ParOldGen       total 71680K, used 22502K [0x00000000c1600000, 0x00000000c5c00000, 0x00000000eb200000)
  object space 71680K, 31% used [0x00000000c1600000,0x00000000c2bf9920,0x00000000c5c00000)
 Metaspace       used 43689K, capacity 44453K, committed 44712K, reserved 1089536K
  class space    used 5274K, capacity 5453K, committed 5552K, reserved 1048576K
}

