# JRE version: OpenJDK Runtime Environment (8.0_202-b03) (build 1.8.0_202-release-1483-b03)
# Java VM: OpenJDK 64-Bit Server VM (25.202-b03 mixed mode windows-amd64 compressed oops)
Heap:
 PSYoungGen      total 313856K, used 153620K [0x00000000e0000000, 0x00000000fe600000, 0x0000000100000000)
  eden space 198144K, 19% used [0x00000000e0000000,0x00000000e251d3c8,0x00000000ec180000)
  from space 115712K, 99% used [0x00000000f4680000,0x00000000fb767fd0,0x00000000fb780000)
  to   space 136192K, 0% used [0x00000000ec180000,0x00000000ec180000,0x00000000f4680000)
 ParOldGen       total 237568K, used 74008K [0x00000000a0000000, 0x00000000ae800000, 0x00000000e0000000)
  object space 237568K, 31% used [0x00000000a0000000,0x00000000a4846068,0x00000000ae800000)
 Metaspace       used 96778K, capacity 100492K, committed 100992K, reserved 1136640K
  class space    used 12573K, capacity 13299K, committed 13440K, reserved 1048576K
GC Heap History (10 events):
Event: 1957.089 GC heap before
{Heap before GC invocations=38 (full 5):
 PSYoungGen      total 261632K, used 261604K [0x00000000e0000000, 0x00000000fa080000, 0x0000000100000000)
  eden space 180736K, 100% used [0x00000000e0000000,0x00000000eb080000,0x00000000eb080000)
  from space 80896K, 99% used [0x00000000f1880000,0x00000000f6779018,0x00000000f6780000)
  to   space 106496K, 0% used [0x00000000eb080000,0x00000000eb080000,0x00000000f1880000)
 ParOldGen       total 288768K, used 238044K [0x00000000a0000000, 0x00000000b1a00000, 0x00000000e0000000)
  object space 288768K, 82% used [0x00000000a0000000,0x00000000ae877178,0x00000000b1a00000)
 Metaspace       used 96421K, capacity 100138K, committed 100480K, reserved 1136640K
  class space    used 12592K, capacity 13339K, committed 13440K, reserved 1048576K
Event: 1958.273 GC heap after
Heap after GC invocations=38 (full 5):
 PSYoungGen      total 287232K, used 12508K [0x00000000e0000000, 0x00000000f8b00000, 0x0000000100000000)
  eden space 180736K, 0% used [0x00000000e0000000,0x00000000e0000000,0x00000000eb080000)
  from space 106496K, 11% used [0x00000000eb080000,0x00000000ebcb7158,0x00000000f1880000)
  to   space 104448K, 0% used [0x00000000f2500000,0x00000000f2500000,0x00000000f8b00000)
 ParOldGen       total 309760K, used 309686K [0x00000000a0000000, 0x00000000b2e80000, 0x00000000e0000000)
  object space 309760K, 99% used [0x00000000a0000000,0x00000000b2e6d920,0x00000000b2e80000)
 Metaspace       used 96421K, capacity 100138K, committed 100480K, reserved 1136640K
  class space    used 12592K, capacity 13339K, committed 13440K, reserved 1048576K
}
Event: 1958.273 GC heap before
{Heap before GC invocations=39 (full 6):
 PSYoungGen      total 287232K, used 12508K [0x00000000e0000000, 0x00000000f8b00000, 0x0000000100000000)
  eden space 180736K, 0% used [0x00000000e0000000,0x00000000e0000000,0x00000000eb080000)
  from space 106496K, 11% used [0x00000000eb080000,0x00000000ebcb7158,0x00000000f1880000)
  to   space 104448K, 0% used [0x00000000f2500000,0x00000000f2500000,0x00000000f8b00000)
 ParOldGen       total 309760K, used 309686K [0x00000000a0000000, 0x00000000b2e80000, 0x00000000e0000000)
  object space 309760K, 99% used [0x00000000a0000000,0x00000000b2e6d920,0x00000000b2e80000)
 Metaspace       used 96421K, capacity 100138K, committed 100480K, reserved 1136640K
  class space    used 12592K, capacity 13339K, committed 13440K, reserved 1048576K
Event: 1960.933 GC heap after
Heap after GC invocations=39 (full 6):
 PSYoungGen      total 287232K, used 0K [0x00000000e0000000, 0x00000000f8b00000, 0x0000000100000000)
  eden space 180736K, 0% used [0x00000000e0000000,0x00000000e0000000,0x00000000eb080000)
  from space 106496K, 0% used [0x00000000eb080000,0x00000000eb080000,0x00000000f1880000)
  to   space 104448K, 0% used [0x00000000f2500000,0x00000000f2500000,0x00000000f8b00000)
 ParOldGen       total 237568K, used 72968K [0x00000000a0000000, 0x00000000ae800000, 0x00000000e0000000)
  object space 237568K, 30% used [0x00000000a0000000,0x00000000a4742058,0x00000000ae800000)
 Metaspace       used 96155K, capacity 99648K, committed 100480K, reserved 1136640K
  class space    used 12539K, capacity 13239K, committed 13440K, reserved 1048576K
}
Event: 2031.659 GC heap before
{Heap before GC invocations=40 (full 6):
 PSYoungGen      total 287232K, used 180736K [0x00000000e0000000, 0x00000000f8b00000, 0x0000000100000000)
  eden space 180736K, 100% used [0x00000000e0000000,0x00000000eb080000,0x00000000eb080000)
  from space 106496K, 0% used [0x00000000eb080000,0x00000000eb080000,0x00000000f1880000)
  to   space 104448K, 0% used [0x00000000f2500000,0x00000000f2500000,0x00000000f8b00000)
 ParOldGen       total 237568K, used 72968K [0x00000000a0000000, 0x00000000ae800000, 0x00000000e0000000)
  object space 237568K, 30% used [0x00000000a0000000,0x00000000a4742058,0x00000000ae800000)
 Metaspace       used 96730K, capacity 100424K, committed 100736K, reserved 1136640K
  class space    used 12573K, capacity 13299K, committed 13440K, reserved 1048576K
Event: 2032.218 GC heap after
Heap after GC invocations=40 (full 6):
 PSYoungGen      total 295936K, used 12976K [0x00000000e0000000, 0x00000000f8600000, 0x0000000100000000)
  eden space 196608K, 0% used [0x00000000e0000000,0x00000000e0000000,0x00000000ec000000)
  from space 99328K, 13% used [0x00000000f2500000,0x00000000f31ac010,0x00000000f8600000)
  to   space 101376K, 0% used [0x00000000ec000000,0x00000000ec000000,0x00000000f2300000)
 ParOldGen       total 237568K, used 72976K [0x00000000a0000000, 0x00000000ae800000, 0x00000000e0000000)
  object space 237568K, 30% used [0x00000000a0000000,0x00000000a4744058,0x00000000ae800000)
 Metaspace       used 96730K, capacity 100424K, committed 100736K, reserved 1136640K
  class space    used 12573K, capacity 13299K, committed 13440K, reserved 1048576K
}
Event: 2043.783 GC heap before
{Heap before GC invocations=41 (full 6):
 PSYoungGen      total 295936K, used 209584K [0x00000000e0000000, 0x00000000f8600000, 0x0000000100000000)
  eden space 196608K, 100% used [0x00000000e0000000,0x00000000ec000000,0x00000000ec000000)
  from space 99328K, 13% used [0x00000000f2500000,0x00000000f31ac010,0x00000000f8600000)
  to   space 101376K, 0% used [0x00000000ec000000,0x00000000ec000000,0x00000000f2300000)
 ParOldGen       total 237568K, used 72976K [0x00000000a0000000, 0x00000000ae800000, 0x00000000e0000000)
  object space 237568K, 30% used [0x00000000a0000000,0x00000000a4744058,0x00000000ae800000)
 Metaspace       used 96770K, capacity 100492K, committed 100992K, reserved 1136640K
  class space    used 12573K, capacity 13299K, committed 13440K, reserved 1048576K
Event: 2044.845 GC heap after
Heap after GC invocations=41 (full 6):
 PSYoungGen      total 297984K, used 91042K [0x00000000e0000000, 0x00000000fb780000, 0x0000000100000000)
  eden space 196608K, 0% used [0x00000000e0000000,0x00000000e0000000,0x00000000ec000000)
  from space 101376K, 89% used [0x00000000ec000000,0x00000000f18e88d0,0x00000000f2300000)
  to   space 115712K, 0% used [0x00000000f4680000,0x00000000f4680000,0x00000000fb780000)
 ParOldGen       total 237568K, used 72984K [0x00000000a0000000, 0x00000000ae800000, 0x00000000e0000000)
  object space 237568K, 30% used [0x00000000a0000000,0x00000000a4746058,0x00000000ae800000)
 Metaspace       used 96770K, capacity 100492K, committed 100992K, reserved 1136640K
  class space    used 12573K, capacity 13299K, committed 13440K, reserved 1048576K
}
Event: 2048.891 GC heap before
{Heap before GC invocations=42 (full 6):
 PSYoungGen      total 297984K, used 284546K [0x00000000e0000000, 0x00000000fb780000, 0x0000000100000000)
  eden space 196608K, 98% used [0x00000000e0000000,0x00000000ebcf8100,0x00000000ec000000)
  from space 101376K, 89% used [0x00000000ec000000,0x00000000f18e88d0,0x00000000f2300000)
  to   space 115712K, 0% used [0x00000000f4680000,0x00000000f4680000,0x00000000fb780000)
 ParOldGen       total 237568K, used 72984K [0x00000000a0000000, 0x00000000ae800000, 0x00000000e0000000)
  object space 237568K, 30% used [0x00000000a0000000,0x00000000a4746058,0x00000000ae800000)
 Metaspace       used 96775K, capacity 100492K, committed 100992K, reserved 1136640K
  class space    used 12573K, capacity 13299K, committed 13440K, reserved 1048576K
Event: 2049.666 GC heap after
Heap after GC invocations=42 (full 6):
 PSYoungGen      total 313856K, used 115615K [0x00000000e0000000, 0x00000000fe600000, 0x0000000100000000)
  eden space 198144K, 0% used [0x00000000e0000000,0x00000000e0000000,0x00000000ec180000)
  from space 115712K, 99% used [0x00000000f4680000,0x00000000fb767fd0,0x00000000fb780000)
  to   space 136192K, 0% used [0x00000000ec180000,0x00000000ec180000,0x00000000f4680000)
 ParOldGen       total 237568K, used 74008K [0x00000000a0000000, 0x00000000ae800000, 0x00000000e0000000)
  object space 237568K, 31% used [0x00000000a0000000,0x00000000a4846068,0x00000000ae800000)
 Metaspace       used 96775K, capacity 100492K, committed 100992K, reserved 1136640K
  class space    used 12573K, capacity 13299K, committed 13440K, reserved 1048576K
}

