# JRE version: OpenJDK Runtime Environment (8.0_202-b03) (build 1.8.0_202-release-1483-b03)
# Java VM: OpenJDK 64-Bit Server VM (25.202-b03 mixed mode windows-amd64 compressed oops)
Heap:
 PSYoungGen      total 402432K, used 46466K [0x00000000e0000000, 0x0000000100000000, 0x0000000100000000)
  eden space 313344K, 10% used [0x00000000e0000000,0x00000000e216d228,0x00000000f3200000)
  from space 89088K, 13% used [0x00000000f3200000,0x00000000f3df3678,0x00000000f8900000)
  to   space 86528K, 0% used [0x00000000fab80000,0x00000000fab80000,0x0000000100000000)
 ParOldGen       total 299520K, used 204473K [0x00000000a0000000, 0x00000000b2480000, 0x00000000e0000000)
  object space 299520K, 68% used [0x00000000a0000000,0x00000000ac7ae688,0x00000000b2480000)
 Metaspace       used 167458K, capacity 174216K, committed 174424K, reserved 1200128K
  class space    used 21487K, capacity 22791K, committed 22872K, reserved 1048576K
GC Heap History (10 events):
Event: 7624.022 GC heap before
{Heap before GC invocations=47 (full 6):
 PSYoungGen      total 317952K, used 62586K [0x00000000e0000000, 0x00000000fc880000, 0x0000000100000000)
  eden space 222720K, 0% used [0x00000000e0000000,0x00000000e0000000,0x00000000ed980000)
  from space 95232K, 65% used [0x00000000ed980000,0x00000000f169ea08,0x00000000f3680000)
  to   space 99840K, 0% used [0x00000000f6700000,0x00000000f6700000,0x00000000fc880000)
 ParOldGen       total 228864K, used 228819K [0x00000000a0000000, 0x00000000adf80000, 0x00000000e0000000)
  object space 228864K, 99% used [0x00000000a0000000,0x00000000adf74ff8,0x00000000adf80000)
 Metaspace       used 127636K, capacity 132566K, committed 132696K, reserved 1165312K
  class space    used 16283K, capacity 17228K, committed 17240K, reserved 1048576K
Event: 7664.774 GC heap after
Heap after GC invocations=47 (full 6):
 PSYoungGen      total 317952K, used 0K [0x00000000e0000000, 0x00000000fc880000, 0x0000000100000000)
  eden space 222720K, 0% used [0x00000000e0000000,0x00000000e0000000,0x00000000ed980000)
  from space 95232K, 0% used [0x00000000ed980000,0x00000000ed980000,0x00000000f3680000)
  to   space 99840K, 0% used [0x00000000f6700000,0x00000000f6700000,0x00000000fc880000)
 ParOldGen       total 299520K, used 175451K [0x00000000a0000000, 0x00000000b2480000, 0x00000000e0000000)
  object space 299520K, 58% used [0x00000000a0000000,0x00000000aab56d78,0x00000000b2480000)
 Metaspace       used 127055K, capacity 131404K, committed 132696K, reserved 1165312K
  class space    used 16178K, capacity 17027K, committed 17240K, reserved 1048576K
}
Event: 8303.110 GC heap before
{Heap before GC invocations=48 (full 6):
 PSYoungGen      total 317952K, used 222720K [0x00000000e0000000, 0x00000000fc880000, 0x0000000100000000)
  eden space 222720K, 100% used [0x00000000e0000000,0x00000000ed980000,0x00000000ed980000)
  from space 95232K, 0% used [0x00000000ed980000,0x00000000ed980000,0x00000000f3680000)
  to   space 99840K, 0% used [0x00000000f6700000,0x00000000f6700000,0x00000000fc880000)
 ParOldGen       total 299520K, used 175451K [0x00000000a0000000, 0x00000000b2480000, 0x00000000e0000000)
  object space 299520K, 58% used [0x00000000a0000000,0x00000000aab56d78,0x00000000b2480000)
 Metaspace       used 132823K, capacity 137610K, committed 137944K, reserved 1169408K
  class space    used 16880K, capacity 17804K, committed 17880K, reserved 1048576K
Event: 8304.231 GC heap after
Heap after GC invocations=48 (full 6):
 PSYoungGen      total 359424K, used 13486K [0x00000000e0000000, 0x00000000fc280000, 0x0000000100000000)
  eden space 265728K, 0% used [0x00000000e0000000,0x00000000e0000000,0x00000000f0380000)
  from space 93696K, 14% used [0x00000000f6700000,0x00000000f742bb78,0x00000000fc280000)
  to   space 97792K, 0% used [0x00000000f0380000,0x00000000f0380000,0x00000000f6300000)
 ParOldGen       total 299520K, used 175459K [0x00000000a0000000, 0x00000000b2480000, 0x00000000e0000000)
  object space 299520K, 58% used [0x00000000a0000000,0x00000000aab58d78,0x00000000b2480000)
 Metaspace       used 132823K, capacity 137610K, committed 137944K, reserved 1169408K
  class space    used 16880K, capacity 17804K, committed 17880K, reserved 1048576K
}
Event: 8528.404 GC heap before
{Heap before GC invocations=49 (full 6):
 PSYoungGen      total 359424K, used 279214K [0x00000000e0000000, 0x00000000fc280000, 0x0000000100000000)
  eden space 265728K, 100% used [0x00000000e0000000,0x00000000f0380000,0x00000000f0380000)
  from space 93696K, 14% used [0x00000000f6700000,0x00000000f742bb78,0x00000000fc280000)
  to   space 97792K, 0% used [0x00000000f0380000,0x00000000f0380000,0x00000000f6300000)
 ParOldGen       total 299520K, used 175459K [0x00000000a0000000, 0x00000000b2480000, 0x00000000e0000000)
  object space 299520K, 58% used [0x00000000a0000000,0x00000000aab58d78,0x00000000b2480000)
 Metaspace       used 151314K, capacity 156966K, committed 157272K, reserved 1185792K
  class space    used 19157K, capacity 20260K, committed 20312K, reserved 1048576K
Event: 8528.928 GC heap after
Heap after GC invocations=49 (full 6):
 PSYoungGen      total 363520K, used 30003K [0x00000000e0000000, 0x00000000fe800000, 0x0000000100000000)
  eden space 265728K, 0% used [0x00000000e0000000,0x00000000e0000000,0x00000000f0380000)
  from space 97792K, 30% used [0x00000000f0380000,0x00000000f20ccd68,0x00000000f6300000)
  to   space 92160K, 0% used [0x00000000f8e00000,0x00000000f8e00000,0x00000000fe800000)
 ParOldGen       total 299520K, used 182675K [0x00000000a0000000, 0x00000000b2480000, 0x00000000e0000000)
  object space 299520K, 60% used [0x00000000a0000000,0x00000000ab264f60,0x00000000b2480000)
 Metaspace       used 151314K, capacity 156966K, committed 157272K, reserved 1185792K
  class space    used 19157K, capacity 20260K, committed 20312K, reserved 1048576K
}
Event: 8553.571 GC heap before
{Heap before GC invocations=50 (full 6):
 PSYoungGen      total 363520K, used 295731K [0x00000000e0000000, 0x00000000fe800000, 0x0000000100000000)
  eden space 265728K, 100% used [0x00000000e0000000,0x00000000f0380000,0x00000000f0380000)
  from space 97792K, 30% used [0x00000000f0380000,0x00000000f20ccd68,0x00000000f6300000)
  to   space 92160K, 0% used [0x00000000f8e00000,0x00000000f8e00000,0x00000000fe800000)
 ParOldGen       total 299520K, used 182675K [0x00000000a0000000, 0x00000000b2480000, 0x00000000e0000000)
  object space 299520K, 60% used [0x00000000a0000000,0x00000000ab264f60,0x00000000b2480000)
 Metaspace       used 159693K, capacity 165888K, committed 165976K, reserved 1193984K
  class space    used 20354K, capacity 21578K, committed 21592K, reserved 1048576K
Event: 8553.752 GC heap after
Heap after GC invocations=50 (full 6):
 PSYoungGen      total 397312K, used 17457K [0x00000000e0000000, 0x00000000fe000000, 0x0000000100000000)
  eden space 313344K, 0% used [0x00000000e0000000,0x00000000e0000000,0x00000000f3200000)
  from space 83968K, 20% used [0x00000000f8e00000,0x00000000f9f0c5e0,0x00000000fe000000)
  to   space 89088K, 0% used [0x00000000f3200000,0x00000000f3200000,0x00000000f8900000)
 ParOldGen       total 299520K, used 194795K [0x00000000a0000000, 0x00000000b2480000, 0x00000000e0000000)
  object space 299520K, 65% used [0x00000000a0000000,0x00000000abe3ac70,0x00000000b2480000)
 Metaspace       used 159693K, capacity 165888K, committed 165976K, reserved 1193984K
  class space    used 20354K, capacity 21578K, committed 21592K, reserved 1048576K
}
Event: 8659.883 GC heap before
{Heap before GC invocations=51 (full 6):
 PSYoungGen      total 397312K, used 330801K [0x00000000e0000000, 0x00000000fe000000, 0x0000000100000000)
  eden space 313344K, 100% used [0x00000000e0000000,0x00000000f3200000,0x00000000f3200000)
  from space 83968K, 20% used [0x00000000f8e00000,0x00000000f9f0c5e0,0x00000000fe000000)
  to   space 89088K, 0% used [0x00000000f3200000,0x00000000f3200000,0x00000000f8900000)
 ParOldGen       total 299520K, used 194795K [0x00000000a0000000, 0x00000000b2480000, 0x00000000e0000000)
  object space 299520K, 65% used [0x00000000a0000000,0x00000000abe3ac70,0x00000000b2480000)
 Metaspace       used 162429K, capacity 168944K, committed 169304K, reserved 1196032K
  class space    used 20728K, capacity 21993K, committed 22104K, reserved 1048576K
Event: 8660.370 GC heap after
Heap after GC invocations=51 (full 6):
 PSYoungGen      total 402432K, used 12237K [0x00000000e0000000, 0x0000000100000000, 0x0000000100000000)
  eden space 313344K, 0% used [0x00000000e0000000,0x00000000e0000000,0x00000000f3200000)
  from space 89088K, 13% used [0x00000000f3200000,0x00000000f3df3678,0x00000000f8900000)
  to   space 86528K, 0% used [0x00000000fab80000,0x00000000fab80000,0x0000000100000000)
 ParOldGen       total 299520K, used 204473K [0x00000000a0000000, 0x00000000b2480000, 0x00000000e0000000)
  object space 299520K, 68% used [0x00000000a0000000,0x00000000ac7ae688,0x00000000b2480000)
 Metaspace       used 162429K, capacity 168944K, committed 169304K, reserved 1196032K
  class space    used 20728K, capacity 21993K, committed 22104K, reserved 1048576K
}

