# JRE version: OpenJDK Runtime Environment (8.0_202-b03) (build 1.8.0_202-release-1483-b03)
# Java VM: OpenJDK 64-Bit Server VM (25.202-b03 mixed mode windows-amd64 compressed oops)
Heap:
 PSYoungGen      total 71168K, used 18443K [0x00000000eb200000, 0x00000000f1300000, 0x0000000100000000)
  eden space 53760K, 1% used [0x00000000eb200000,0x00000000eb30aca0,0x00000000ee680000)
  from space 17408K, 99% used [0x00000000f0200000,0x00000000f12f8060,0x00000000f1300000)
  to   space 14336K, 0% used [0x00000000ee680000,0x00000000ee680000,0x00000000ef480000)
 ParOldGen       total 67072K, used 28492K [0x00000000c1600000, 0x00000000c5780000, 0x00000000eb200000)
  object space 67072K, 42% used [0x00000000c1600000,0x00000000c31d3040,0x00000000c5780000)
 Metaspace       used 44302K, capacity 45059K, committed 45224K, reserved 1089536K
  class space    used 5334K, capacity 5522K, committed 5552K, reserved 1048576K
GC Heap History (10 events):
Event: 20.177 GC heap before
{Heap before GC invocations=10 (full 1):
 PSYoungGen      total 53248K, used 38462K [0x00000000eb200000, 0x00000000ef900000, 0x0000000100000000)
  eden space 44544K, 66% used [0x00000000eb200000,0x00000000ecf16948,0x00000000edd80000)
  from space 8704K, 99% used [0x00000000ee980000,0x00000000ef1f8f10,0x00000000ef200000)
  to   space 12288K, 0% used [0x00000000edd80000,0x00000000edd80000,0x00000000ee980000)
 ParOldGen       total 43008K, used 18874K [0x00000000c1600000, 0x00000000c4000000, 0x00000000eb200000)
  object space 43008K, 43% used [0x00000000c1600000,0x00000000c286ea18,0x00000000c4000000)
 Metaspace       used 34845K, capacity 35287K, committed 35496K, reserved 1081344K
  class space    used 4381K, capacity 4514K, committed 4528K, reserved 1048576K
Event: 20.227 GC heap after
Heap after GC invocations=10 (full 1):
 PSYoungGen      total 56832K, used 12260K [0x00000000eb200000, 0x00000000f0600000, 0x0000000100000000)
  eden space 44544K, 0% used [0x00000000eb200000,0x00000000eb200000,0x00000000edd80000)
  from space 12288K, 99% used [0x00000000edd80000,0x00000000ee979310,0x00000000ee980000)
  to   space 14848K, 0% used [0x00000000ef780000,0x00000000ef780000,0x00000000f0600000)
 ParOldGen       total 43008K, used 21869K [0x00000000c1600000, 0x00000000c4000000, 0x00000000eb200000)
  object space 43008K, 50% used [0x00000000c1600000,0x00000000c2b5b730,0x00000000c4000000)
 Metaspace       used 34845K, capacity 35287K, committed 35496K, reserved 1081344K
  class space    used 4381K, capacity 4514K, committed 4528K, reserved 1048576K
}
Event: 20.227 GC heap before
{Heap before GC invocations=11 (full 2):
 PSYoungGen      total 56832K, used 12260K [0x00000000eb200000, 0x00000000f0600000, 0x0000000100000000)
  eden space 44544K, 0% used [0x00000000eb200000,0x00000000eb200000,0x00000000edd80000)
  from space 12288K, 99% used [0x00000000edd80000,0x00000000ee979310,0x00000000ee980000)
  to   space 14848K, 0% used [0x00000000ef780000,0x00000000ef780000,0x00000000f0600000)
 ParOldGen       total 43008K, used 21869K [0x00000000c1600000, 0x00000000c4000000, 0x00000000eb200000)
  object space 43008K, 50% used [0x00000000c1600000,0x00000000c2b5b730,0x00000000c4000000)
 Metaspace       used 34845K, capacity 35287K, committed 35496K, reserved 1081344K
  class space    used 4381K, capacity 4514K, committed 4528K, reserved 1048576K
Event: 20.602 GC heap after
Heap after GC invocations=11 (full 2):
 PSYoungGen      total 56832K, used 0K [0x00000000eb200000, 0x00000000f0600000, 0x0000000100000000)
  eden space 44544K, 0% used [0x00000000eb200000,0x00000000eb200000,0x00000000edd80000)
  from space 12288K, 0% used [0x00000000edd80000,0x00000000edd80000,0x00000000ee980000)
  to   space 14848K, 0% used [0x00000000ef780000,0x00000000ef780000,0x00000000f0600000)
 ParOldGen       total 67072K, used 20652K [0x00000000c1600000, 0x00000000c5780000, 0x00000000eb200000)
  object space 67072K, 30% used [0x00000000c1600000,0x00000000c2a2b1b8,0x00000000c5780000)
 Metaspace       used 34845K, capacity 35287K, committed 35496K, reserved 1081344K
  class space    used 4381K, capacity 4514K, committed 4528K, reserved 1048576K
}
Event: 22.890 GC heap before
{Heap before GC invocations=12 (full 2):
 PSYoungGen      total 56832K, used 44544K [0x00000000eb200000, 0x00000000f0600000, 0x0000000100000000)
  eden space 44544K, 100% used [0x00000000eb200000,0x00000000edd80000,0x00000000edd80000)
  from space 12288K, 0% used [0x00000000edd80000,0x00000000edd80000,0x00000000ee980000)
  to   space 14848K, 0% used [0x00000000ef780000,0x00000000ef780000,0x00000000f0600000)
 ParOldGen       total 67072K, used 20652K [0x00000000c1600000, 0x00000000c5780000, 0x00000000eb200000)
  object space 67072K, 30% used [0x00000000c1600000,0x00000000c2a2b1b8,0x00000000c5780000)
 Metaspace       used 38718K, capacity 39279K, committed 39592K, reserved 1083392K
  class space    used 4855K, capacity 5032K, committed 5040K, reserved 1048576K
Event: 22.907 GC heap after
Heap after GC invocations=12 (full 2):
 PSYoungGen      total 65024K, used 8089K [0x00000000eb200000, 0x00000000f0280000, 0x0000000100000000)
  eden space 53760K, 0% used [0x00000000eb200000,0x00000000eb200000,0x00000000ee680000)
  from space 11264K, 71% used [0x00000000ef780000,0x00000000eff66540,0x00000000f0280000)
  to   space 14336K, 0% used [0x00000000ee680000,0x00000000ee680000,0x00000000ef480000)
 ParOldGen       total 67072K, used 20660K [0x00000000c1600000, 0x00000000c5780000, 0x00000000eb200000)
  object space 67072K, 30% used [0x00000000c1600000,0x00000000c2a2d1b8,0x00000000c5780000)
 Metaspace       used 38718K, capacity 39279K, committed 39592K, reserved 1083392K
  class space    used 4855K, capacity 5032K, committed 5040K, reserved 1048576K
}
Event: 28.577 GC heap before
{Heap before GC invocations=13 (full 2):
 PSYoungGen      total 65024K, used 61849K [0x00000000eb200000, 0x00000000f0280000, 0x0000000100000000)
  eden space 53760K, 100% used [0x00000000eb200000,0x00000000ee680000,0x00000000ee680000)
  from space 11264K, 71% used [0x00000000ef780000,0x00000000eff66540,0x00000000f0280000)
  to   space 14336K, 0% used [0x00000000ee680000,0x00000000ee680000,0x00000000ef480000)
 ParOldGen       total 67072K, used 20660K [0x00000000c1600000, 0x00000000c5780000, 0x00000000eb200000)
  object space 67072K, 30% used [0x00000000c1600000,0x00000000c2a2d1b8,0x00000000c5780000)
 Metaspace       used 43042K, capacity 43685K, committed 43816K, reserved 1087488K
  class space    used 5247K, capacity 5413K, committed 5424K, reserved 1048576K
Event: 28.629 GC heap after
Heap after GC invocations=13 (full 2):
 PSYoungGen      total 68096K, used 14322K [0x00000000eb200000, 0x00000000f1300000, 0x0000000100000000)
  eden space 53760K, 0% used [0x00000000eb200000,0x00000000eb200000,0x00000000ee680000)
  from space 14336K, 99% used [0x00000000ee680000,0x00000000ef47cb10,0x00000000ef480000)
  to   space 17408K, 0% used [0x00000000f0200000,0x00000000f0200000,0x00000000f1300000)
 ParOldGen       total 67072K, used 23855K [0x00000000c1600000, 0x00000000c5780000, 0x00000000eb200000)
  object space 67072K, 35% used [0x00000000c1600000,0x00000000c2d4bf28,0x00000000c5780000)
 Metaspace       used 43042K, capacity 43685K, committed 43816K, reserved 1087488K
  class space    used 5247K, capacity 5413K, committed 5424K, reserved 1048576K
}
Event: 32.543 GC heap before
{Heap before GC invocations=14 (full 2):
 PSYoungGen      total 68096K, used 68082K [0x00000000eb200000, 0x00000000f1300000, 0x0000000100000000)
  eden space 53760K, 100% used [0x00000000eb200000,0x00000000ee680000,0x00000000ee680000)
  from space 14336K, 99% used [0x00000000ee680000,0x00000000ef47cb10,0x00000000ef480000)
  to   space 17408K, 0% used [0x00000000f0200000,0x00000000f0200000,0x00000000f1300000)
 ParOldGen       total 67072K, used 23855K [0x00000000c1600000, 0x00000000c5780000, 0x00000000eb200000)
  object space 67072K, 35% used [0x00000000c1600000,0x00000000c2d4bf28,0x00000000c5780000)
 Metaspace       used 44191K, capacity 44963K, committed 45224K, reserved 1089536K
  class space    used 5315K, capacity 5490K, committed 5552K, reserved 1048576K
Event: 32.656 GC heap after
Heap after GC invocations=14 (full 2):
 PSYoungGen      total 71168K, used 17376K [0x00000000eb200000, 0x00000000f1300000, 0x0000000100000000)
  eden space 53760K, 0% used [0x00000000eb200000,0x00000000eb200000,0x00000000ee680000)
  from space 17408K, 99% used [0x00000000f0200000,0x00000000f12f8060,0x00000000f1300000)
  to   space 14336K, 0% used [0x00000000ee680000,0x00000000ee680000,0x00000000ef480000)
 ParOldGen       total 67072K, used 28492K [0x00000000c1600000, 0x00000000c5780000, 0x00000000eb200000)
  object space 67072K, 42% used [0x00000000c1600000,0x00000000c31d3040,0x00000000c5780000)
 Metaspace       used 44191K, capacity 44963K, committed 45224K, reserved 1089536K
  class space    used 5315K, capacity 5490K, committed 5552K, reserved 1048576K
}

