# JRE version: OpenJDK Runtime Environment (8.0_202-b03) (build 1.8.0_202-release-1483-b03)
# Java VM: OpenJDK 64-Bit Server VM (25.202-b03 mixed mode windows-amd64 compressed oops)
Heap:
 PSYoungGen      total 82432K, used 68725K [0x00000000eb200000, 0x00000000f1980000, 0x0000000100000000)
  eden space 62976K, 78% used [0x00000000eb200000,0x00000000ee222a60,0x00000000eef80000)
  from space 19456K, 99% used [0x00000000eef80000,0x00000000f027a9e8,0x00000000f0280000)
  to   space 15872K, 0% used [0x00000000f0280000,0x00000000f0280000,0x00000000f1200000)
 ParOldGen       total 73728K, used 28660K [0x00000000c1600000, 0x00000000c5e00000, 0x00000000eb200000)
  object space 73728K, 38% used [0x00000000c1600000,0x00000000c31fd110,0x00000000c5e00000)
 Metaspace       used 53951K, capacity 55019K, committed 55336K, reserved 1097728K
  class space    used 6651K, capacity 6944K, committed 6960K, reserved 1048576K
GC Heap History (10 events):
Event: 15.471 GC heap before
{Heap before GC invocations=9 (full 1):
 PSYoungGen      total 67072K, used 29030K [0x00000000eb200000, 0x00000000f0600000, 0x0000000100000000)
  eden space 58368K, 34% used [0x00000000eb200000,0x00000000ec5e1070,0x00000000eeb00000)
  from space 8704K, 99% used [0x00000000ef000000,0x00000000ef878918,0x00000000ef880000)
  to   space 13824K, 0% used [0x00000000ef880000,0x00000000ef880000,0x00000000f0600000)
 ParOldGen       total 46592K, used 21982K [0x00000000c1600000, 0x00000000c4380000, 0x00000000eb200000)
  object space 46592K, 47% used [0x00000000c1600000,0x00000000c2b77b18,0x00000000c4380000)
 Metaspace       used 34847K, capacity 35287K, committed 35496K, reserved 1081344K
  class space    used 4381K, capacity 4514K, committed 4528K, reserved 1048576K
Event: 15.509 GC heap after
Heap after GC invocations=9 (full 1):
 PSYoungGen      total 70144K, used 13793K [0x00000000eb200000, 0x00000000f1c00000, 0x0000000100000000)
  eden space 56320K, 0% used [0x00000000eb200000,0x00000000eb200000,0x00000000ee900000)
  from space 13824K, 99% used [0x00000000ef880000,0x00000000f05f8610,0x00000000f0600000)
  to   space 15872K, 0% used [0x00000000ee900000,0x00000000ee900000,0x00000000ef880000)
 ParOldGen       total 46592K, used 22061K [0x00000000c1600000, 0x00000000c4380000, 0x00000000eb200000)
  object space 46592K, 47% used [0x00000000c1600000,0x00000000c2b8b548,0x00000000c4380000)
 Metaspace       used 34847K, capacity 35287K, committed 35496K, reserved 1081344K
  class space    used 4381K, capacity 4514K, committed 4528K, reserved 1048576K
}
Event: 15.509 GC heap before
{Heap before GC invocations=10 (full 2):
 PSYoungGen      total 70144K, used 13793K [0x00000000eb200000, 0x00000000f1c00000, 0x0000000100000000)
  eden space 56320K, 0% used [0x00000000eb200000,0x00000000eb200000,0x00000000ee900000)
  from space 13824K, 99% used [0x00000000ef880000,0x00000000f05f8610,0x00000000f0600000)
  to   space 15872K, 0% used [0x00000000ee900000,0x00000000ee900000,0x00000000ef880000)
 ParOldGen       total 46592K, used 22061K [0x00000000c1600000, 0x00000000c4380000, 0x00000000eb200000)
  object space 46592K, 47% used [0x00000000c1600000,0x00000000c2b8b548,0x00000000c4380000)
 Metaspace       used 34847K, capacity 35287K, committed 35496K, reserved 1081344K
  class space    used 4381K, capacity 4514K, committed 4528K, reserved 1048576K
Event: 15.815 GC heap after
Heap after GC invocations=10 (full 2):
 PSYoungGen      total 70144K, used 0K [0x00000000eb200000, 0x00000000f1c00000, 0x0000000100000000)
  eden space 56320K, 0% used [0x00000000eb200000,0x00000000eb200000,0x00000000ee900000)
  from space 13824K, 0% used [0x00000000ef880000,0x00000000ef880000,0x00000000f0600000)
  to   space 15872K, 0% used [0x00000000ee900000,0x00000000ee900000,0x00000000ef880000)
 ParOldGen       total 73728K, used 19138K [0x00000000c1600000, 0x00000000c5e00000, 0x00000000eb200000)
  object space 73728K, 25% used [0x00000000c1600000,0x00000000c28b0920,0x00000000c5e00000)
 Metaspace       used 34847K, capacity 35287K, committed 35496K, reserved 1081344K
  class space    used 4381K, capacity 4514K, committed 4528K, reserved 1048576K
}
Event: 19.874 GC heap before
{Heap before GC invocations=11 (full 2):
 PSYoungGen      total 70144K, used 56320K [0x00000000eb200000, 0x00000000f1c00000, 0x0000000100000000)
  eden space 56320K, 100% used [0x00000000eb200000,0x00000000ee900000,0x00000000ee900000)
  from space 13824K, 0% used [0x00000000ef880000,0x00000000ef880000,0x00000000f0600000)
  to   space 15872K, 0% used [0x00000000ee900000,0x00000000ee900000,0x00000000ef880000)
 ParOldGen       total 73728K, used 19138K [0x00000000c1600000, 0x00000000c5e00000, 0x00000000eb200000)
  object space 73728K, 25% used [0x00000000c1600000,0x00000000c28b0920,0x00000000c5e00000)
 Metaspace       used 39125K, capacity 39749K, committed 39848K, reserved 1083392K
  class space    used 4872K, capacity 5035K, committed 5040K, reserved 1048576K
Event: 19.915 GC heap after
Heap after GC invocations=11 (full 2):
 PSYoungGen      total 72192K, used 10271K [0x00000000eb200000, 0x00000000f1200000, 0x0000000100000000)
  eden space 56320K, 0% used [0x00000000eb200000,0x00000000eb200000,0x00000000ee900000)
  from space 15872K, 64% used [0x00000000ee900000,0x00000000ef307ca8,0x00000000ef880000)
  to   space 15872K, 0% used [0x00000000f0280000,0x00000000f0280000,0x00000000f1200000)
 ParOldGen       total 73728K, used 19146K [0x00000000c1600000, 0x00000000c5e00000, 0x00000000eb200000)
  object space 73728K, 25% used [0x00000000c1600000,0x00000000c28b2920,0x00000000c5e00000)
 Metaspace       used 39125K, capacity 39749K, committed 39848K, reserved 1083392K
  class space    used 4872K, capacity 5035K, committed 5040K, reserved 1048576K
}
Event: 26.250 GC heap before
{Heap before GC invocations=12 (full 2):
 PSYoungGen      total 72192K, used 66591K [0x00000000eb200000, 0x00000000f1200000, 0x0000000100000000)
  eden space 56320K, 100% used [0x00000000eb200000,0x00000000ee900000,0x00000000ee900000)
  from space 15872K, 64% used [0x00000000ee900000,0x00000000ef307ca8,0x00000000ef880000)
  to   space 15872K, 0% used [0x00000000f0280000,0x00000000f0280000,0x00000000f1200000)
 ParOldGen       total 73728K, used 19146K [0x00000000c1600000, 0x00000000c5e00000, 0x00000000eb200000)
  object space 73728K, 25% used [0x00000000c1600000,0x00000000c28b2920,0x00000000c5e00000)
 Metaspace       used 43649K, capacity 44385K, committed 44712K, reserved 1089536K
  class space    used 5268K, capacity 5453K, committed 5552K, reserved 1048576K
Event: 26.340 GC heap after
Heap after GC invocations=12 (full 2):
 PSYoungGen      total 78848K, used 15865K [0x00000000eb200000, 0x00000000f1980000, 0x0000000100000000)
  eden space 62976K, 0% used [0x00000000eb200000,0x00000000eb200000,0x00000000eef80000)
  from space 15872K, 99% used [0x00000000f0280000,0x00000000f11fe5b8,0x00000000f1200000)
  to   space 19456K, 0% used [0x00000000eef80000,0x00000000eef80000,0x00000000f0280000)
 ParOldGen       total 73728K, used 22797K [0x00000000c1600000, 0x00000000c5e00000, 0x00000000eb200000)
  object space 73728K, 30% used [0x00000000c1600000,0x00000000c2c43628,0x00000000c5e00000)
 Metaspace       used 43649K, capacity 44385K, committed 44712K, reserved 1089536K
  class space    used 5268K, capacity 5453K, committed 5552K, reserved 1048576K
}
Event: 32.434 GC heap before
{Heap before GC invocations=13 (full 2):
 PSYoungGen      total 78848K, used 78841K [0x00000000eb200000, 0x00000000f1980000, 0x0000000100000000)
  eden space 62976K, 100% used [0x00000000eb200000,0x00000000eef80000,0x00000000eef80000)
  from space 15872K, 99% used [0x00000000f0280000,0x00000000f11fe5b8,0x00000000f1200000)
  to   space 19456K, 0% used [0x00000000eef80000,0x00000000eef80000,0x00000000f0280000)
 ParOldGen       total 73728K, used 22797K [0x00000000c1600000, 0x00000000c5e00000, 0x00000000eb200000)
  object space 73728K, 30% used [0x00000000c1600000,0x00000000c2c43628,0x00000000c5e00000)
 Metaspace       used 46763K, capacity 47563K, committed 47912K, reserved 1091584K
  class space    used 5695K, capacity 5882K, committed 5936K, reserved 1048576K
Event: 32.621 GC heap after
Heap after GC invocations=13 (full 2):
 PSYoungGen      total 82432K, used 19434K [0x00000000eb200000, 0x00000000f1980000, 0x0000000100000000)
  eden space 62976K, 0% used [0x00000000eb200000,0x00000000eb200000,0x00000000eef80000)
  from space 19456K, 99% used [0x00000000eef80000,0x00000000f027a9e8,0x00000000f0280000)
  to   space 15872K, 0% used [0x00000000f0280000,0x00000000f0280000,0x00000000f1200000)
 ParOldGen       total 73728K, used 28660K [0x00000000c1600000, 0x00000000c5e00000, 0x00000000eb200000)
  object space 73728K, 38% used [0x00000000c1600000,0x00000000c31fd110,0x00000000c5e00000)
 Metaspace       used 46763K, capacity 47563K, committed 47912K, reserved 1091584K
  class space    used 5695K, capacity 5882K, committed 5936K, reserved 1048576K
}

