# JRE version: OpenJDK Runtime Environment (8.0_202-b03) (build 1.8.0_202-release-1483-b03)
# Java VM: OpenJDK 64-Bit Server VM (25.202-b03 mixed mode windows-amd64 compressed oops)
Heap:
 PSYoungGen      total 71168K, used 14856K [0x00000000eb200000, 0x00000000f1780000, 0x0000000100000000)
  eden space 57344K, 8% used [0x00000000eb200000,0x00000000eb6a1d78,0x00000000eea00000)
  from space 13824K, 73% used [0x00000000eea00000,0x00000000ef3e0298,0x00000000ef780000)
  to   space 14336K, 0% used [0x00000000f0980000,0x00000000f0980000,0x00000000f1780000)
 ParOldGen       total 58880K, used 34170K [0x00000000c1600000, 0x00000000c4f80000, 0x00000000eb200000)
  object space 58880K, 58% used [0x00000000c1600000,0x00000000c375e978,0x00000000c4f80000)
 Metaspace       used 49876K, capacity 50691K, committed 50984K, reserved 1093632K
  class space    used 6166K, capacity 6374K, committed 6448K, reserved 1048576K
GC Heap History (10 events):
Event: 33.671 GC heap before
{Heap before GC invocations=13 (full 2):
 PSYoungGen      total 45568K, used 3183K [0x00000000eb200000, 0x00000000ef500000, 0x0000000100000000)
  eden space 33792K, 0% used [0x00000000eb200000,0x00000000eb200000,0x00000000ed300000)
  from space 11776K, 27% used [0x00000000ed300000,0x00000000ed61bf48,0x00000000ede80000)
  to   space 11776K, 0% used [0x00000000ee980000,0x00000000ee980000,0x00000000ef500000)
 ParOldGen       total 40960K, used 26278K [0x00000000c1600000, 0x00000000c3e00000, 0x00000000eb200000)
  object space 40960K, 64% used [0x00000000c1600000,0x00000000c2fa9958,0x00000000c3e00000)
 Metaspace       used 34815K, capacity 35287K, committed 35496K, reserved 1081344K
  class space    used 4379K, capacity 4514K, committed 4528K, reserved 1048576K
Event: 33.947 GC heap after
Heap after GC invocations=13 (full 2):
 PSYoungGen      total 45568K, used 0K [0x00000000eb200000, 0x00000000ef500000, 0x0000000100000000)
  eden space 33792K, 0% used [0x00000000eb200000,0x00000000eb200000,0x00000000ed300000)
  from space 11776K, 0% used [0x00000000ed300000,0x00000000ed300000,0x00000000ede80000)
  to   space 11776K, 0% used [0x00000000ee980000,0x00000000ee980000,0x00000000ef500000)
 ParOldGen       total 58880K, used 18077K [0x00000000c1600000, 0x00000000c4f80000, 0x00000000eb200000)
  object space 58880K, 30% used [0x00000000c1600000,0x00000000c27a74c0,0x00000000c4f80000)
 Metaspace       used 34815K, capacity 35287K, committed 35496K, reserved 1081344K
  class space    used 4379K, capacity 4514K, committed 4528K, reserved 1048576K
}
Event: 36.090 GC heap before
{Heap before GC invocations=14 (full 2):
 PSYoungGen      total 45568K, used 33792K [0x00000000eb200000, 0x00000000ef500000, 0x0000000100000000)
  eden space 33792K, 100% used [0x00000000eb200000,0x00000000ed300000,0x00000000ed300000)
  from space 11776K, 0% used [0x00000000ed300000,0x00000000ed300000,0x00000000ede80000)
  to   space 11776K, 0% used [0x00000000ee980000,0x00000000ee980000,0x00000000ef500000)
 ParOldGen       total 58880K, used 18077K [0x00000000c1600000, 0x00000000c4f80000, 0x00000000eb200000)
  object space 58880K, 30% used [0x00000000c1600000,0x00000000c27a74c0,0x00000000c4f80000)
 Metaspace       used 38003K, capacity 38569K, committed 38824K, reserved 1083392K
  class space    used 4759K, capacity 4927K, committed 5040K, reserved 1048576K
Event: 36.130 GC heap after
Heap after GC invocations=14 (full 2):
 PSYoungGen      total 56320K, used 9239K [0x00000000eb200000, 0x00000000ef580000, 0x0000000100000000)
  eden space 44544K, 0% used [0x00000000eb200000,0x00000000eb200000,0x00000000edd80000)
  from space 11776K, 78% used [0x00000000ee980000,0x00000000ef285d18,0x00000000ef500000)
  to   space 12288K, 0% used [0x00000000edd80000,0x00000000edd80000,0x00000000ee980000)
 ParOldGen       total 58880K, used 18085K [0x00000000c1600000, 0x00000000c4f80000, 0x00000000eb200000)
  object space 58880K, 30% used [0x00000000c1600000,0x00000000c27a94c0,0x00000000c4f80000)
 Metaspace       used 38003K, capacity 38569K, committed 38824K, reserved 1083392K
  class space    used 4759K, capacity 4927K, committed 5040K, reserved 1048576K
}
Event: 39.897 GC heap before
{Heap before GC invocations=15 (full 2):
 PSYoungGen      total 56320K, used 53783K [0x00000000eb200000, 0x00000000ef580000, 0x0000000100000000)
  eden space 44544K, 100% used [0x00000000eb200000,0x00000000edd80000,0x00000000edd80000)
  from space 11776K, 78% used [0x00000000ee980000,0x00000000ef285d18,0x00000000ef500000)
  to   space 12288K, 0% used [0x00000000edd80000,0x00000000edd80000,0x00000000ee980000)
 ParOldGen       total 58880K, used 18085K [0x00000000c1600000, 0x00000000c4f80000, 0x00000000eb200000)
  object space 58880K, 30% used [0x00000000c1600000,0x00000000c27a94c0,0x00000000c4f80000)
 Metaspace       used 41541K, capacity 42155K, committed 42536K, reserved 1087488K
  class space    used 5156K, capacity 5338K, committed 5424K, reserved 1048576K
Event: 39.929 GC heap after
Heap after GC invocations=15 (full 2):
 PSYoungGen      total 56832K, used 9533K [0x00000000eb200000, 0x00000000f0400000, 0x0000000100000000)
  eden space 44544K, 0% used [0x00000000eb200000,0x00000000eb200000,0x00000000edd80000)
  from space 12288K, 77% used [0x00000000edd80000,0x00000000ee6cf528,0x00000000ee980000)
  to   space 12800K, 0% used [0x00000000ef780000,0x00000000ef780000,0x00000000f0400000)
 ParOldGen       total 58880K, used 21314K [0x00000000c1600000, 0x00000000c4f80000, 0x00000000eb200000)
  object space 58880K, 36% used [0x00000000c1600000,0x00000000c2ad0918,0x00000000c4f80000)
 Metaspace       used 41541K, capacity 42155K, committed 42536K, reserved 1087488K
  class space    used 5156K, capacity 5338K, committed 5424K, reserved 1048576K
}
Event: 45.353 GC heap before
{Heap before GC invocations=16 (full 2):
 PSYoungGen      total 56832K, used 54077K [0x00000000eb200000, 0x00000000f0400000, 0x0000000100000000)
  eden space 44544K, 100% used [0x00000000eb200000,0x00000000edd80000,0x00000000edd80000)
  from space 12288K, 77% used [0x00000000edd80000,0x00000000ee6cf528,0x00000000ee980000)
  to   space 12800K, 0% used [0x00000000ef780000,0x00000000ef780000,0x00000000f0400000)
 ParOldGen       total 58880K, used 21314K [0x00000000c1600000, 0x00000000c4f80000, 0x00000000eb200000)
  object space 58880K, 36% used [0x00000000c1600000,0x00000000c2ad0918,0x00000000c4f80000)
 Metaspace       used 43774K, capacity 44517K, committed 44968K, reserved 1089536K
  class space    used 5270K, capacity 5453K, committed 5552K, reserved 1048576K
Event: 45.410 GC heap after
Heap after GC invocations=16 (full 2):
 PSYoungGen      total 70144K, used 10684K [0x00000000eb200000, 0x00000000f0600000, 0x0000000100000000)
  eden space 57344K, 0% used [0x00000000eb200000,0x00000000eb200000,0x00000000eea00000)
  from space 12800K, 83% used [0x00000000ef780000,0x00000000f01ef240,0x00000000f0400000)
  to   space 13824K, 0% used [0x00000000eea00000,0x00000000eea00000,0x00000000ef780000)
 ParOldGen       total 58880K, used 26318K [0x00000000c1600000, 0x00000000c4f80000, 0x00000000eb200000)
  object space 58880K, 44% used [0x00000000c1600000,0x00000000c2fb3958,0x00000000c4f80000)
 Metaspace       used 43774K, capacity 44517K, committed 44968K, reserved 1089536K
  class space    used 5270K, capacity 5453K, committed 5552K, reserved 1048576K
}
Event: 50.081 GC heap before
{Heap before GC invocations=17 (full 2):
 PSYoungGen      total 70144K, used 68028K [0x00000000eb200000, 0x00000000f0600000, 0x0000000100000000)
  eden space 57344K, 100% used [0x00000000eb200000,0x00000000eea00000,0x00000000eea00000)
  from space 12800K, 83% used [0x00000000ef780000,0x00000000f01ef240,0x00000000f0400000)
  to   space 13824K, 0% used [0x00000000eea00000,0x00000000eea00000,0x00000000ef780000)
 ParOldGen       total 58880K, used 26318K [0x00000000c1600000, 0x00000000c4f80000, 0x00000000eb200000)
  object space 58880K, 44% used [0x00000000c1600000,0x00000000c2fb3958,0x00000000c4f80000)
 Metaspace       used 48338K, capacity 49081K, committed 49448K, reserved 1093632K
  class space    used 5911K, capacity 6097K, committed 6192K, reserved 1048576K
Event: 50.139 GC heap after
Heap after GC invocations=17 (full 2):
 PSYoungGen      total 71168K, used 10112K [0x00000000eb200000, 0x00000000f1780000, 0x0000000100000000)
  eden space 57344K, 0% used [0x00000000eb200000,0x00000000eb200000,0x00000000eea00000)
  from space 13824K, 73% used [0x00000000eea00000,0x00000000ef3e0298,0x00000000ef780000)
  to   space 14336K, 0% used [0x00000000f0980000,0x00000000f0980000,0x00000000f1780000)
 ParOldGen       total 58880K, used 34170K [0x00000000c1600000, 0x00000000c4f80000, 0x00000000eb200000)
  object space 58880K, 58% used [0x00000000c1600000,0x00000000c375e978,0x00000000c4f80000)
 Metaspace       used 48338K, capacity 49081K, committed 49448K, reserved 1093632K
  class space    used 5911K, capacity 6097K, committed 6192K, reserved 1048576K
}

